<?xml version="1.0" encoding="UTF-8"?>
<testsuite name="com.royalbackgammon.core.PositionMapperTest" tests="11" skipped="0" failures="0" errors="0" timestamp="2026-09-08T22:06:01.727Z" hostname="DESKTOP-D5OERPK" time="0.001">
  <properties/>
  <testcase name="red bar maps to real 0" classname="com.royalbackgammon.core.PositionMapperTest" time="0.0"/>
  <testcase name="white bear-off maps to real 100" classname="com.royalbackgammon.core.PositionMapperTest" time="0.0"/>
  <testcase name="white bar maps to real 0" classname="com.royalbackgammon.core.PositionMapperTest" time="0.0"/>
  <testcase name="red matrix position is inverted from white" classname="com.royalbackgammon.core.PositionMapperTest" time="0.0"/>
  <testcase name="red bear-off maps to real 100" classname="com.royalbackgammon.core.PositionMapperTest" time="0.0"/>
  <testcase name="white matrix 0 is real 12" classname="com.royalbackgammon.core.PositionMapperTest" time="0.001"/>
  <testcase name="toMatrix is inverse of toReal for red" classname="com.royalbackgammon.core.PositionMapperTest" time="0.0"/>
  <testcase name="white matrix 11 is real 1" classname="com.royalbackgammon.core.PositionMapperTest" time="0.0"/>
  <testcase name="white matrix 23 is real 24" classname="com.royalbackgammon.core.PositionMapperTest" time="0.0"/>
  <testcase name="white matrix 12 is real 13" classname="com.royalbackgammon.core.PositionMapperTest" time="0.0"/>
  <testcase name="toMatrix is inverse of toReal for white" classname="com.royalbackgammon.core.PositionMapperTest" time="0.0"/>
  <system-out><![CDATA[]]></system-out>
  <system-err><![CDATA[]]></system-err>
</testsuite>
