<?xml version="1.0" encoding="UTF-8"?>
<testsuite name="com.royalbackgammon.core.BackgammonRulesTest" tests="14" skipped="0" failures="0" errors="0" timestamp="2026-09-08T22:06:01.610Z" hostname="DESKTOP-D5OERPK" time="0.072">
  <properties/>
  <testcase name="all checkers in home board means BEARING_OFF" classname="com.royalbackgammon.core.BackgammonRulesTest" time="0.004"/>
  <testcase name="checkWinner returns NONE when game is ongoing" classname="com.royalbackgammon.core.BackgammonRulesTest" time="0.054"/>
  <testcase name="movesFromField returns destinations" classname="com.royalbackgammon.core.BackgammonRulesTest" time="0.008"/>
  <testcase name="movesFromField returns null when no moves from field" classname="com.royalbackgammon.core.BackgammonRulesTest" time="0.001"/>
  <testcase name="bar checkers must be played first" classname="com.royalbackgammon.core.BackgammonRulesTest" time="0.001"/>
  <testcase name="bearing off with exact roll" classname="com.royalbackgammon.core.BackgammonRulesTest" time="0.0"/>
  <testcase name="new game is in PLAYING phase for both players" classname="com.royalbackgammon.core.BackgammonRulesTest" time="0.0"/>
  <testcase name="can hit a single opponent checker (blot)" classname="com.royalbackgammon.core.BackgammonRulesTest" time="0.0"/>
  <testcase name="bearing off with overshoot allowed for farthest checker" classname="com.royalbackgammon.core.BackgammonRulesTest" time="0.0"/>
  <testcase name="all checkers borne off means FINISHED" classname="com.royalbackgammon.core.BackgammonRulesTest" time="0.0"/>
  <testcase name="cannot move to point with 2+ opponent checkers" classname="com.royalbackgammon.core.BackgammonRulesTest" time="0.0"/>
  <testcase name="checkWinner detects white win" classname="com.royalbackgammon.core.BackgammonRulesTest" time="0.0"/>
  <testcase name="legal moves from starting position with dice 6 and 1" classname="com.royalbackgammon.core.BackgammonRulesTest" time="0.003"/>
  <testcase name="doubles give 4 dice to use" classname="com.royalbackgammon.core.BackgammonRulesTest" time="0.0"/>
  <system-out><![CDATA[]]></system-out>
  <system-err><![CDATA[]]></system-err>
</testsuite>
